<html>
<head>
<title>TestNG:  Default test</title>
<link href="../testng.css" rel="stylesheet" type="text/css" />
<link href="../my-testng.css" rel="stylesheet" type="text/css" />

<style type="text/css">
.log { display: none;} 
.stack-trace { display: none;} 
</style>
<script type="text/javascript">
<!--
function flip(e) {
  current = e.style.display;
  if (current == 'block') {
    e.style.display = 'none';
    return 0;
  }
  else {
    e.style.display = 'block';
    return 1;
  }
}

function toggleBox(szDivId, elem, msg1, msg2)
{
  var res = -1;  if (document.getElementById) {
    res = flip(document.getElementById(szDivId));
  }
  else if (document.all) {
    // this is the way old msie versions work
    res = flip(document.all[szDivId]);
  }
  if(elem) {
    if(res == 0) elem.innerHTML = msg1; else elem.innerHTML = msg2;
  }

}

function toggleAllBoxes() {
  if (document.getElementsByTagName) {
    d = document.getElementsByTagName('div');
    for (i = 0; i < d.length; i++) {
      if (d[i].className == 'log') {
        flip(d[i]);
      }
    }
  }
}

// -->
</script>

</head>
<body>
<h2 align='center'>Default test</h2><table border='1' align="center">
<tr>
<td>Tests passed/Failed/Skipped:</td><td>0/3/0</td>
</tr><tr>
<td>Started on:</td><td>Wed Oct 02 15:31:29 IST 2024</td>
</tr>
<tr><td>Total time:</td><td>372 seconds (372056 ms)</td>
</tr><tr>
<td>Included groups:</td><td></td>
</tr><tr>
<td>Excluded groups:</td><td></td>
</tr>
</table><p/>
<small><i>(Hover the method name to see the test class name)</i></small><p/>
<table width='100%' border='1' class='invocation-failed'>
<tr><td colspan='4' align='center'><b>FAILED TESTS</b></td></tr>
<tr><td><b>Test method</b></td>
<td width="30%"><b>Exception</b></td>
<td width="10%"><b>Time (seconds)</b></td>
<td><b>Instance</b></td>
</tr>
<tr>
<td title='com.cucumber.testng.runner.RunCucumberTest.runScenario()'><b>runScenario</b><br>Test class: com.cucumber.testng.runner.RunCucumberTest<br>Test method: Runs Cucumber Scenarios<br>Parameters: "User signup", "Optional[User Registration on Automation exercise]"</td>
<td><div><pre>java.lang.AssertionError: User unable to click on Continue expected [true] but found [false]
	at org.testng.Assert.fail(Assert.java:97)
	at org.testng.Assert.failNotEquals(Assert.java:969)
	at org.testng.Assert.assertTrue(Assert.java:43)
	at com.cucumber.common.BasePage.IsTrue(BasePage.java:25)
	at com.cucumber.stepdefinitions.Registration.user_click_on_button(Registration.java:50)
	at ✽.User click on &apos;Continue&apos; button(classpath:features/Signup.feature:34)
</pre></div><a href='#' onClick='toggleBox("stack-trace1195473402", this, "Click to show all stack frames", "Click to hide stack frames")'>Click to show all stack frames</a>
<div class='stack-trace' id='stack-trace1195473402'><pre>java.lang.AssertionError: User unable to click on Continue expected [true] but found [false]
	at org.testng.Assert.fail(Assert.java:97)
	at org.testng.Assert.failNotEquals(Assert.java:969)
	at org.testng.Assert.assertTrue(Assert.java:43)
	at com.cucumber.common.BasePage.IsTrue(BasePage.java:25)
	at com.cucumber.stepdefinitions.Registration.user_click_on_button(Registration.java:50)
	at ✽.User click on &apos;Continue&apos; button(classpath:features/Signup.feature:34)
</pre></div></td>
<td>310</td>
<td>com.cucumber.testng.runner.RunCucumberTest@64485a47</td></tr>
<tr>
<td title='com.cucumber.testng.runner.RunCucumberTest.runScenario()'><b>runScenario</b><br>Test class: com.cucumber.testng.runner.RunCucumberTest<br>Test method: Runs Cucumber Scenarios<br>Parameters: "User verify add products in cart", "Optional[User Registration on Automation exercise]"</td>
<td><div><pre>java.lang.AssertionError: User unable to click on Continue Shopping expected [true] but found [false]
	at org.testng.Assert.fail(Assert.java:97)
	at org.testng.Assert.failNotEquals(Assert.java:969)
	at org.testng.Assert.assertTrue(Assert.java:43)
	at com.cucumber.common.BasePage.IsTrue(BasePage.java:25)
	at com.cucumber.stepdefinitions.Registration.user_click_on_button(Registration.java:50)
	at ✽.User click on &apos;Continue Shopping&apos; button(classpath:features/Signup.feature:43)
</pre></div><a href='#' onClick='toggleBox("stack-trace334300782", this, "Click to show all stack frames", "Click to hide stack frames")'>Click to show all stack frames</a>
<div class='stack-trace' id='stack-trace334300782'><pre>java.lang.AssertionError: User unable to click on Continue Shopping expected [true] but found [false]
	at org.testng.Assert.fail(Assert.java:97)
	at org.testng.Assert.failNotEquals(Assert.java:969)
	at org.testng.Assert.assertTrue(Assert.java:43)
	at com.cucumber.common.BasePage.IsTrue(BasePage.java:25)
	at com.cucumber.stepdefinitions.Registration.user_click_on_button(Registration.java:50)
	at ✽.User click on &apos;Continue Shopping&apos; button(classpath:features/Signup.feature:43)
</pre></div></td>
<td>13</td>
<td>com.cucumber.testng.runner.RunCucumberTest@64485a47</td></tr>
<tr>
<td title='com.cucumber.testng.runner.RunCucumberTest.runScenario()'><b>runScenario</b><br>Test class: com.cucumber.testng.runner.RunCucumberTest<br>Test method: Runs Cucumber Scenarios<br>Parameters: "User verify address details in checkout page", "Optional[User Registration on Automation exercise]"</td>
<td><div><pre>java.lang.AssertionError: User unable to click on Continue Shopping expected [true] but found [false]
	at org.testng.Assert.fail(Assert.java:97)
	at org.testng.Assert.failNotEquals(Assert.java:969)
	at org.testng.Assert.assertTrue(Assert.java:43)
	at com.cucumber.common.BasePage.IsTrue(BasePage.java:25)
	at com.cucumber.stepdefinitions.Registration.user_click_on_button(Registration.java:50)
	at ✽.User click on &apos;Continue Shopping&apos; button(classpath:features/Signup.feature:78)
</pre></div><a href='#' onClick='toggleBox("stack-trace683573228", this, "Click to show all stack frames", "Click to hide stack frames")'>Click to show all stack frames</a>
<div class='stack-trace' id='stack-trace683573228'><pre>java.lang.AssertionError: User unable to click on Continue Shopping expected [true] but found [false]
	at org.testng.Assert.fail(Assert.java:97)
	at org.testng.Assert.failNotEquals(Assert.java:969)
	at org.testng.Assert.assertTrue(Assert.java:43)
	at com.cucumber.common.BasePage.IsTrue(BasePage.java:25)
	at com.cucumber.stepdefinitions.Registration.user_click_on_button(Registration.java:50)
	at ✽.User click on &apos;Continue Shopping&apos; button(classpath:features/Signup.feature:78)
</pre></div></td>
<td>43</td>
<td>com.cucumber.testng.runner.RunCucumberTest@64485a47</td></tr>
</table><p>
</body>
</html>