<?xml version="1.0" encoding="UTF-8"?>
<!-- Generated by org.testng.reporters.JUnitXMLReporter -->
<testsuite hostname="MUTS-73638-ML.local" ignored="0" name="Default test" tests="3" failures="3" timestamp="2024-10-02T15:37:46 IST" time="372.056" errors="0">
  <testcase name="runScenario" time="310.999" classname="io.cucumber.testng.AbstractTestNGCucumberTests">
    <failure type="java.lang.AssertionError" message="User unable to click on Continue expected [true] but found [false]">
      <![CDATA[java.lang.AssertionError: User unable to click on Continue expected [true] but found [false]
at org.testng.Assert.fail(Assert.java:97)
at org.testng.Assert.failNotEquals(Assert.java:969)
at org.testng.Assert.assertTrue(Assert.java:43)
at com.cucumber.common.BasePage.IsTrue(BasePage.java:25)
at com.cucumber.stepdefinitions.Registration.user_click_on_button(Registration.java:50)
at ✽.User click on 'Continue' button(classpath:features/Signup.feature:34)
]]>
    </failure>
  </testcase> <!-- runScenario -->
  <testcase name="runScenario" time="13.965" classname="io.cucumber.testng.AbstractTestNGCucumberTests">
    <failure type="java.lang.AssertionError" message="User unable to click on Continue Shopping expected [true] but found [false]">
      <![CDATA[java.lang.AssertionError: User unable to click on Continue Shopping expected [true] but found [false]
at org.testng.Assert.fail(Assert.java:97)
at org.testng.Assert.failNotEquals(Assert.java:969)
at org.testng.Assert.assertTrue(Assert.java:43)
at com.cucumber.common.BasePage.IsTrue(BasePage.java:25)
at com.cucumber.stepdefinitions.Registration.user_click_on_button(Registration.java:50)
at ✽.User click on 'Continue Shopping' button(classpath:features/Signup.feature:43)
]]>
    </failure>
  </testcase> <!-- runScenario -->
  <testcase name="runScenario" time="43.721" classname="io.cucumber.testng.AbstractTestNGCucumberTests">
    <failure type="java.lang.AssertionError" message="User unable to click on Continue Shopping expected [true] but found [false]">
      <![CDATA[java.lang.AssertionError: User unable to click on Continue Shopping expected [true] but found [false]
at org.testng.Assert.fail(Assert.java:97)
at org.testng.Assert.failNotEquals(Assert.java:969)
at org.testng.Assert.assertTrue(Assert.java:43)
at com.cucumber.common.BasePage.IsTrue(BasePage.java:25)
at com.cucumber.stepdefinitions.Registration.user_click_on_button(Registration.java:50)
at ✽.User click on 'Continue Shopping' button(classpath:features/Signup.feature:78)
]]>
    </failure>
  </testcase> <!-- runScenario -->
</testsuite> <!-- Default test -->
